<?xml version="1.0" encoding="UTF-8"?>
<!-- Generated by org.testng.reporters.JUnitReportReporter -->
<testsuite hostname="DESKTOP-TJ73QJ5" failures="0" tests="1" name="testCases.TC_001_AccountRegistrationTest" time="3.728" errors="0" timestamp="2023-07-12T22:18:15 IST" skipped="0">
  <testcase classname="testCases.TC_001_AccountRegistrationTest" name="test_account_Registration" time="3.728"/>
</testsuite> <!-- testCases.TC_001_AccountRegistrationTest -->
